
> bubble-tanks-arenas-migration-tools@0.1.0 pretsc:stats
> node tools/as3-to-ts/resolve-imports.js --input migrated-ts

resolved imports in 0/611

> bubble-tanks-arenas-migration-tools@0.1.0 tsc:stats
> bash tools/as3-to-ts/collect-tsc-stats.sh

Warning: local TypeScript compiler was not found at /home/runner/work/bubble-tanks-arenas/bubble-tanks-arenas/node_modules/.bin/tsc.
Run `npm install` before `npm run tsc:stats`, otherwise npx may execute a non-TypeScript stub and report 0 parsed errors.

Using existing log: /home/runner/work/bubble-tanks-arenas/bubble-tanks-arenas/tsc_output.log
TSC project: /home/runner/work/bubble-tanks-arenas/bubble-tanks-arenas/tsconfig.json
Total errors: 181
Top-10 files:
     59 migrated-ts/class_53.ts
     51 migrated-ts/PauseMenu.ts
     25 migrated-ts/TankCreatorScreen.ts
     10 migrated-ts/fl/motion/ColorMatrix.ts
      8 migrated-ts/fl/motion/AdjustColor.ts
      8 migrated-ts/TankViewerScreen.ts
      8 migrated-ts/ArenaCreator.ts
      3 migrated-ts/class_80.ts
      1 migrated-ts/fl/core/UIComponent.ts
      1 migrated-ts/fl/controls/LabelButton.ts

Top error codes:
    113 TS1121
     50 TS1003
     10 TS1109
      4 TS1489
      3 TS1005
      1 TS1128

Top file+code pairs:
     47 migrated-ts/PauseMenu.ts :: TS1121
     33 migrated-ts/class_53.ts :: TS1003
     26 migrated-ts/class_53.ts :: TS1121
      9 migrated-ts/fl/motion/ColorMatrix.ts :: TS1121
      9 migrated-ts/TankCreatorScreen.ts :: TS1003
      8 migrated-ts/TankCreatorScreen.ts :: TS1121
      7 migrated-ts/fl/motion/AdjustColor.ts :: TS1121
      5 migrated-ts/ArenaCreator.ts :: TS1121
      4 migrated-ts/TankViewerScreen.ts :: TS1121
      4 migrated-ts/TankViewerScreen.ts :: TS1109
      4 migrated-ts/TankCreatorScreen.ts :: TS1109
      4 migrated-ts/PauseMenu.ts :: TS1003
      3 migrated-ts/class_80.ts :: TS1121
      3 migrated-ts/TankCreatorScreen.ts :: TS1005
      3 migrated-ts/ArenaCreator.ts :: TS1003
      1 migrated-ts/fl/motion/ColorMatrix.ts :: TS1489
      1 migrated-ts/fl/motion/AdjustColor.ts :: TS1489
      1 migrated-ts/fl/core/UIComponent.ts :: TS1109
      1 migrated-ts/fl/controls/LabelButton.ts :: TS1109
      1 migrated-ts/class_79.ts :: TS1121

Error code details (top messages per code, max 5):
TS1003 total=50
           50 Identifier expected.

TS1005 total=3
            2 ';' expected.
            1 ')' expected.

TS1109 total=10
           10 Expression expected.

TS1121 total=113
           70 Octal literals are not allowed. Use the syntax '0o7'.
           24 Octal literals are not allowed. Use the syntax '0o5'.
            9 Octal literals are not allowed. Use the syntax '0o72'.
            4 Octal literals are not allowed. Use the syntax '0o1'.
            2 Octal literals are not allowed. Use the syntax '0o6'.

TS1128 total=1
            1 Declaration or statement expected.

TS1489 total=4
            4 Decimals with leading zeros are not allowed.


Detailed TS/AS error contexts (±10 lines, max 5 entries):

[1/5] migrated-ts/ArenaCreator.ts:315:43 TS1003 Identifier expected.
  Likely stage: unknown (manual inspection required)
  [TS] migrated-ts/ArenaCreator.ts (line 315, context 305-325):
       305 |             this.var_27.push(this.btnQuickTank9_mc as any);
       306 |             this.var_27.push(this.btnQuickTank10_mc as any);
       307 |             this.var_103.push(this.txtNumber1_mc as any);
       308 |             this.var_103.push(this.txtNumber2_mc as any);
       309 |             this.var_103.push(this.txtNumber3_mc as any);
       310 |             this.var_103.push(this.txtNumber4_mc as any);
       311 |             _loc5_ = 0;
       312 |             _loc5_ = 0;
       313 |             while(_loc5_ < this.var_27.length)
       314 |             {
 >>    315 |                this.var_27[_loc5_ as any].(line_mc as any).alpha = 0;
       316 |                this.var_27[_loc5_ as any].empty = true;
       317 |                this.var_27[_loc5_ as any].ID = -1;
       318 |                this.var_27[_loc5_ as any].StrName = "guy";
       319 |                _loc5_++;
       320 |             }
       321 |             _loc5_ = 0;
       322 |             while(_loc5_ < this.var_103.length)
       323 |             {
       324 |                this.var_103[_loc5_ as any].alpha = 0;
       325 |                _loc5_++;
  [TS]    315 |                                            ^
  [AS] scripts/ArenaCreator.as (line 133, context 123-143):
       123 |       
       124 |       public var btnQuickTank5_mc:MovieClip;
       125 |       
       126 |       public var BubbleFieldLocations_mc:MovieClip;
       127 |       
       128 |       public var btnTank4_mc:MovieClip;
       129 |       
       130 |       public var btnAdd2_mc:MovieClip;
       131 |       
       132 |       private var refMain:class_79;
 >>    133 |       
       134 |       public var var_5:int;
       135 |       
       136 |       public var btnBack_mc:MovieClip;
       137 |       
       138 |       public var btnMinus4_mc:MovieClip;
       139 |       
       140 |       public var btnQuickTank8_mc:MovieClip;
       141 |       
       142 |       public function ArenaCreator(param1:Boolean = false, param2:class_79 = null, param3:Function = null)
       143 |       {

[2/5] migrated-ts/ArenaCreator.ts:1989:37 TS1121 Octal literals are not allowed. Use the syntax '0o5'.
  Likely stage: unknown (manual inspection required)
  [TS] migrated-ts/ArenaCreator.ts (line 1989, context 1979-1999):
      1979 |          var _loc5_: number = NaN;
      1980 |          var _loc6_: number = NaN;
      1981 |          var _loc7_: number = 0;
      1982 |          var _loc8_: ArenaCreatorBubblefield = null as any;
      1983 |          var _loc9_: MovieClip = null as any;
      1984 |          var _loc10_: MovieClip = null as any;
      1985 |          var _loc11_: ArenaCreatorBubblefield = null as any;
      1986 |          var _loc12_: number = 0;
      1987 |          if(this.var_531)
      1988 |          {
 >>   1989 |             this.var_117.alpha -= 0[05];
      1990 |          }
      1991 |          if(this.currentArena.var_6.length - 1 == this.var_5)
      1992 |          {
      1993 |             this.btnRightArrow_mc.ArrowPlusSign_mc.gotoAndStop(2);
      1994 |          }
      1995 |          else
      1996 |          {
      1997 |             this.btnRightArrow_mc.ArrowPlusSign_mc.gotoAndStop(1);
      1998 |          }
      1999 |          this.var_209.Run();
  [TS]   1989 |                                      ^
  [AS] scripts/ArenaCreator.as (line 1807, context 1797-1817):
      1797 |             if(this.var_41[_loc2_].tweenX == this.var_16[5].x && this.var_41[_loc2_].tweenY == this.var_16[5].y)
      1798 |             {
      1799 |                this.var_41[_loc2_].height = this.var_41[_loc2_].height * 0.9 + 91 * 0.1;
      1800 |                this.var_41[_loc2_].width = this.var_41[_loc2_].width * 0.9 + 91 * 0.1;
      1801 |             }
      1802 |             else
      1803 |             {
      1804 |                this.var_41[_loc2_].height = this.var_41[_loc2_].height * 0.9 + 37 * 0.1;
      1805 |                this.var_41[_loc2_].width = this.var_41[_loc2_].width * 0.9 + 37 * 0.1;
      1806 |             }
 >>   1807 |             if(_loc1_ == true)
      1808 |             {
      1809 |                this.var_41.splice(_loc2_,1);
      1810 |             }
      1811 |             _loc2_++;
      1812 |          }
      1813 |          var _loc3_:uint = 0;
      1814 |          _loc3_ = 0;
      1815 |          while(_loc3_ < this.var_77.length)
      1816 |          {
      1817 |             _loc1_ = true;

[3/5] migrated-ts/ArenaCreator.ts:2036:102 TS1121 Octal literals are not allowed. Use the syntax '0o1'.
  Likely stage: unknown (manual inspection required)
  [TS] migrated-ts/ArenaCreator.ts (line 2036, context 2026-2046):
      2026 |             {
      2027 |                this.var_41.splice(_loc2_,1);
      2028 |             }
      2029 |             _loc2_++;
      2030 |          }
      2031 |          var _loc3_: number = 0;
      2032 |          _loc3_ = 0;
      2033 |          while(_loc3_ < this.var_77.length)
      2034 |          {
      2035 |             _loc1_ = true;
 >>   2036 |             if(Math.abs(this.var_77[_loc3_ as any].alpha - this.var_77[_loc3_ as any].nextAlpha) > 0[01])
      2037 |             {
      2038 |                if(this.var_117 != this.var_77[_loc3_ as any])
      2039 |                {
      2040 |                   this.var_77[_loc3_ as any].alpha = this.var_77[_loc3_ as any].alpha * 0[9] + this.var_77[_loc3_ as any].nextAlpha * 0[1];
      2041 |                }
      2042 |                else
      2043 |                {
      2044 |                   this.var_77[_loc3_ as any].alpha = this.var_77[_loc3_ as any].alpha * 0[98] + this.var_77[_loc3_ as any].nextAlpha * 0[02];
      2045 |                }
      2046 |                _loc1_ = false;
  [TS]   2036 |                                                                                                       ^
  [AS] scripts/ArenaCreator.as (line 1854, context 1844-1864):
      1844 |          _loc3_ = 0;
      1845 |          while(_loc3_ < this.var_10.length)
      1846 |          {
      1847 |             _loc1_ = true;
      1848 |             this.var_10[_loc3_].x = this.var_10[_loc3_].centerPointX + Math.sin(this.var_10[_loc3_].angle) * this.var_10[_loc3_].distance;
      1849 |             this.var_10[_loc3_].y = this.var_10[_loc3_].centerPointY + Math.cos(this.var_10[_loc3_].angle) * this.var_10[_loc3_].distance;
      1850 |             this.var_10[_loc3_].width = this.var_10[_loc3_].width * 0.95 + this.var_10[_loc3_].scaleTween * 0.05;
      1851 |             this.var_10[_loc3_].height = this.var_10[_loc3_].height * 0.95 + this.var_10[_loc3_].scaleTween * 0.05;
      1852 |             if(Boolean(this.var_10[_loc3_].StartAngle + Math.PI > this.var_10[_loc3_].angle) && Boolean(this.var_10[_loc3_].blnLeft) || this.var_10[_loc3_].StartAngle - Math.PI < this.var_10[_loc3_].angle && !this.var_10[_loc3_].blnLeft)
      1853 |             {
 >>   1854 |                _loc1_ = false;
      1855 |                if(this.var_10[_loc3_].blnLeft)
      1856 |                {
      1857 |                   this.var_10[_loc3_].angle += Math.PI / this.var_10[_loc3_].intDivider;
      1858 |                }
      1859 |                else
      1860 |                {
      1861 |                   this.var_10[_loc3_].angle -= Math.PI / this.var_10[_loc3_].intDivider;
      1862 |                }
      1863 |                if(Boolean(this.var_10[_loc3_].StartAngle + Math.PI / 2 > this.var_10[_loc3_].angle) && Boolean(this.var_10[_loc3_].blnLeft) || this.var_10[_loc3_].StartAngle - Math.PI / 2 < this.var_10[_loc3_].angle && !this.var_10[_loc3_].blnLeft)
      1864 |                {

[4/5] migrated-ts/ArenaCreator.ts:2044:138 TS1121 Octal literals are not allowed. Use the syntax '0o2'.
  Likely stage: unknown (manual inspection required)
  [TS] migrated-ts/ArenaCreator.ts (line 2044, context 2034-2054):
      2034 |          {
      2035 |             _loc1_ = true;
      2036 |             if(Math.abs(this.var_77[_loc3_ as any].alpha - this.var_77[_loc3_ as any].nextAlpha) > 0[01])
      2037 |             {
      2038 |                if(this.var_117 != this.var_77[_loc3_ as any])
      2039 |                {
      2040 |                   this.var_77[_loc3_ as any].alpha = this.var_77[_loc3_ as any].alpha * 0[9] + this.var_77[_loc3_ as any].nextAlpha * 0[1];
      2041 |                }
      2042 |                else
      2043 |                {
 >>   2044 |                   this.var_77[_loc3_ as any].alpha = this.var_77[_loc3_ as any].alpha * 0[98] + this.var_77[_loc3_ as any].nextAlpha * 0[02];
      2045 |                }
      2046 |                _loc1_ = false;
      2047 |             }
      2048 |             if(_loc1_ == true)
      2049 |             {
      2050 |                if(this.var_77[_loc3_ as any].blnRemoveMe)
      2051 |                {
      2052 |                   if(this.var_77[_loc3_ as any] != null)
      2053 |                   {
      2054 |                      this.removeChild(this.var_77[_loc3_ as any]);
  [TS]   2044 |                                                                                                                                           ^
  [AS] scripts/ArenaCreator.as (line 1862, context 1852-1872):
      1852 |             if(Boolean(this.var_10[_loc3_].StartAngle + Math.PI > this.var_10[_loc3_].angle) && Boolean(this.var_10[_loc3_].blnLeft) || this.var_10[_loc3_].StartAngle - Math.PI < this.var_10[_loc3_].angle && !this.var_10[_loc3_].blnLeft)
      1853 |             {
      1854 |                _loc1_ = false;
      1855 |                if(this.var_10[_loc3_].blnLeft)
      1856 |                {
      1857 |                   this.var_10[_loc3_].angle += Math.PI / this.var_10[_loc3_].intDivider;
      1858 |                }
      1859 |                else
      1860 |                {
      1861 |                   this.var_10[_loc3_].angle -= Math.PI / this.var_10[_loc3_].intDivider;
 >>   1862 |                }
      1863 |                if(Boolean(this.var_10[_loc3_].StartAngle + Math.PI / 2 > this.var_10[_loc3_].angle) && Boolean(this.var_10[_loc3_].blnLeft) || this.var_10[_loc3_].StartAngle - Math.PI / 2 < this.var_10[_loc3_].angle && !this.var_10[_loc3_].blnLeft)
      1864 |                {
      1865 |                   this.var_10[_loc3_].intDivider = 1 + this.var_10[_loc3_].intDivider * 0.8;
      1866 |                }
      1867 |                else if(this.var_10[_loc3_].intDivider < 280)
      1868 |                {
      1869 |                   --this.var_10[_loc3_].intDivider;
      1870 |                   this.var_10[_loc3_].intDivider *= 1.25;
      1871 |                }
      1872 |             }

[5/5] migrated-ts/ArenaCreator.ts:2068:133 TS1121 Octal literals are not allowed. Use the syntax '0o5'.
  Likely stage: unknown (manual inspection required)
  [TS] migrated-ts/ArenaCreator.ts (line 2068, context 2058-2078):
      2058 |                this.var_77.splice(_loc3_,1);
      2059 |             }
      2060 |             _loc3_++;
      2061 |          }
      2062 |          _loc3_ = 0;
      2063 |          while(_loc3_ < this.var_10.length)
      2064 |          {
      2065 |             _loc1_ = true;
      2066 |             this.var_10[_loc3_ as any].x = this.var_10[_loc3_ as any].centerPointX + Math.sin(this.var_10[_loc3_ as any].angle) * this.var_10[_loc3_ as any].distance;
      2067 |             this.var_10[_loc3_ as any].y = this.var_10[_loc3_ as any].centerPointY + Math.cos(this.var_10[_loc3_ as any].angle) * this.var_10[_loc3_ as any].distance;
 >>   2068 |             this.var_10[_loc3_ as any].width = this.var_10[_loc3_ as any].width * 0[95] + this.var_10[_loc3_ as any].scaleTween * 0[05];
      2069 |             this.var_10[_loc3_ as any].height = this.var_10[_loc3_ as any].height * 0[95] + this.var_10[_loc3_ as any].scaleTween * 0[05];
      2070 |             if(Boolean(this.var_10[_loc3_ as any].StartAngle + Math.PI > this.var_10[_loc3_ as any].angle) && Boolean(this.var_10[_loc3_ as any].blnLeft) || this.var_10[_loc3_ as any].StartAngle - Math.PI < this.var_10[_loc3_ as any].angle && !this.var_10[_loc3_ as any].blnLeft)
      2071 |             {
      2072 |                _loc1_ = false;
      2073 |                if(this.var_10[_loc3_ as any].blnLeft)
      2074 |                {
      2075 |                   this.var_10[_loc3_ as any].angle += Math.PI / this.var_10[_loc3_ as any].intDivider;
      2076 |                }
      2077 |                else
      2078 |                {
  [TS]   2068 |                                                                                                                                      ^
  [AS] scripts/ArenaCreator.as (line 1886, context 1876-1896):
      1876 |                this.var_10[_loc3_].y = this.var_10[_loc3_].centerPointY + Math.cos(this.var_10[_loc3_].StartAngle + Math.PI) * this.var_10[_loc3_].distance;
      1877 |             }
      1878 |             if(_loc1_ == true)
      1879 |             {
      1880 |                this.var_10[_loc3_].objSister.x = this.var_10[_loc3_].objSister.centerPointX + Math.sin(this.var_10[_loc3_].objSister.StartAngle + Math.PI) * this.var_10[_loc3_].objSister.distance;
      1881 |                this.var_10[_loc3_].objSister.y = this.var_10[_loc3_].objSister.centerPointY + Math.cos(this.var_10[_loc3_].objSister.StartAngle + Math.PI) * this.var_10[_loc3_].objSister.distance;
      1882 |                _loc4_ = this.var_10[_loc3_].objSister.txtBubbleFieldNum_txt.text;
      1883 |                this.var_10[_loc3_].objSister.txtBubbleFieldNum_txt.text = this.var_10[_loc3_].txtBubbleFieldNum_txt.text;
      1884 |                this.var_10[_loc3_].txtBubbleFieldNum_txt.text = _loc4_;
      1885 |                _loc7_ = 0;
 >>   1886 |                while(_loc7_ < this.arrBubbleFields.length)
      1887 |                {
      1888 |                   if(this.arrBubbleFields[_loc7_] == this.var_10[_loc3_])
      1889 |                   {
      1890 |                      _loc5_ = _loc7_;
      1891 |                   }
      1892 |                   if(this.arrBubbleFields[_loc7_] == this.var_10[_loc3_].objSister)
      1893 |                   {
      1894 |                      _loc6_ = _loc7_;
      1895 |                   }
      1896 |                   _loc7_++;

Reached max contexts=5, stopping detailed dump.

Detailed AGI TS/AS error contexts (±10 lines, max 5 entries):

[1/5] migrated-ts/agi/com/armorgames/services/images/JPGEncoder.ts:721:82 TS1489 Decimals with leading zeros are not allowed.
  Likely stage: fix-implicit-this.js ("this.[A-Z]" in type-position heuristic)
  [TS] migrated-ts/agi/com/armorgames/services/images/JPGEncoder.ts (line 721, context 711-731):
       711 |          {
       712 |             _loc6_ = 0;
       713 |             while(_loc6_ < 8)
       714 |             {
       715 |                _loc7_ = param1.getPixel32(param2 + _loc6_,param3 + _loc5_);
       716 |                _loc8_ = Number(_loc7_ >> 16 & 0xFF);
       717 |                _loc9_ = Number(_loc7_ >> 8 & 0xFF);
       718 |                _loc10_ = Number(_loc7_ & 0xFF);
       719 |                this.YDU[_loc4_ as any] = 0[299] * _loc8_ + 0[587] * _loc9_ + 0[114] * _loc10_ - 128;
       720 |                this.UDU[_loc4_ as any] = -0[16874] * _loc8_ + -0[33126] * _loc9_ + 0[5] * _loc10_;
 >>    721 |                this.VDU[_loc4_ as any] = 0[5] * _loc8_ + -0[41869] * _loc9_ + -0[08131] * _loc10_;
       722 |                _loc4_++;
       723 |                _loc6_++;
       724 |             }
       725 |             _loc5_++;
       726 |          }
       727 |       }
       728 |       
       729 |       public encode(param1: BitmapData): ByteArray
       730 |       {
       731 |          var _loc6_: number = 0;
  [TS]    721 |                                                                                   ^
  [AS] binaryData/AGI decomp/scripts/com/armorgames/services/images/JPGEncoder.as (line 543, context 533-553):
       533 |                {
       534 |                   this.writeBits(_loc7_);
       535 |                   _loc14_++;
       536 |                }
       537 |                _loc13_ = int(_loc13_ & 0x0F);
       538 |             }
       539 |             this.writeBits(param5[_loc13_ * 16 + this.category[32767 + this.DU[_loc8_]]]);
       540 |             this.writeBits(this.bitcode[32767 + this.DU[_loc8_]]);
       541 |             _loc8_++;
       542 |          }
 >>    543 |          if(_loc11_ != 63)
       544 |          {
       545 |             this.writeBits(_loc6_);
       546 |          }
       547 |          return param3;
       548 |       }
       549 |       
       550 |       private function RGB2YUV(param1:BitmapData, param2:int, param3:int) : void
       551 |       {
       552 |          var _loc6_:int = 0;
       553 |          var _loc7_:uint = 0;
