npm warn Unknown env config "http-proxy". This will stop working in the next major version of npm.
migrated-ts/agi/com/hurlant/crypto/hash/HMAC.ts(8,23): error TS1005: ',' expected.
migrated-ts/agi/com/hurlant/crypto/hash/HMAC.ts(8,41): error TS1005: ',' expected.
migrated-ts/agi/com/hurlant/crypto/rsa/RSAKey.ts(224,55): error TS1005: ',' expected.
migrated-ts/agi/com/hurlant/crypto/rsa/RSAKey.ts(234,57): error TS1005: ',' expected.
migrated-ts/agi/com/hurlant/crypto/rsa/RSAKey.ts(265,47): error TS1005: ',' expected.
migrated-ts/agi/com/hurlant/crypto/symmetric/AESKey.ts(59,23): error TS1005: ',' expected.
migrated-ts/agi/com/hurlant/crypto/symmetric/AESKey.ts(212,33): error TS1005: ',' expected.
migrated-ts/agi/com/hurlant/crypto/symmetric/BlowFishKey.ts(30,23): error TS1005: ',' expected.
migrated-ts/agi/com/hurlant/crypto/symmetric/BlowFishKey.ts(69,26): error TS1005: ',' expected.
migrated-ts/agi/com/hurlant/crypto/symmetric/DESKey.ts(24,23): error TS1005: ',' expected.
migrated-ts/agi/com/hurlant/crypto/symmetric/DESKey.ts(31,61): error TS1005: ',' expected.
migrated-ts/agi/com/hurlant/crypto/symmetric/ECBMode.ts(9,23): error TS1005: ',' expected.
migrated-ts/agi/com/hurlant/crypto/symmetric/ECBMode.ts(9,48): error TS1005: ',' expected.
migrated-ts/agi/com/hurlant/crypto/symmetric/IVMode.ts(12,23): error TS1005: ',' expected.
migrated-ts/agi/com/hurlant/crypto/symmetric/IVMode.ts(12,48): error TS1005: ',' expected.
migrated-ts/agi/com/hurlant/crypto/symmetric/IVMode.ts(30,35): error TS1005: ',' expected.
migrated-ts/agi/com/hurlant/crypto/symmetric/IVMode.ts(30,38): error TS1005: ',' expected.
migrated-ts/agi/com/hurlant/crypto/symmetric/IVMode.ts(30,46): error TS1005: ',' expected.
migrated-ts/agi/com/hurlant/crypto/symmetric/IVMode.ts(30,49): error TS1005: ',' expected.
migrated-ts/agi/com/hurlant/crypto/symmetric/PKCS5.ts(8,23): error TS1005: ',' expected.
migrated-ts/agi/com/hurlant/crypto/symmetric/SimpleIVMode.ts(9,23): error TS1005: ',' expected.
migrated-ts/agi/com/hurlant/math/BarrettReduction.ts(11,23): error TS1005: ',' expected.
migrated-ts/agi/com/hurlant/math/BigInteger.ts(6,7): error TS1068: Unexpected token. A constructor, method, accessor, or property was expected.
migrated-ts/agi/com/hurlant/math/BigInteger.ts(6,19): error TS1005: ';' expected.
migrated-ts/agi/com/hurlant/math/BigInteger.ts(6,26): error TS1128: Declaration or statement expected.
migrated-ts/agi/com/hurlant/math/BigInteger.ts(7,19): error TS1005: ';' expected.
migrated-ts/agi/com/hurlant/math/BigInteger.ts(7,26): error TS1128: Declaration or statement expected.
migrated-ts/agi/com/hurlant/math/BigInteger.ts(8,19): error TS1005: ';' expected.
migrated-ts/agi/com/hurlant/math/BigInteger.ts(8,26): error TS1128: Declaration or statement expected.
migrated-ts/agi/com/hurlant/math/BigInteger.ts(9,19): error TS1005: ';' expected.
migrated-ts/agi/com/hurlant/math/BigInteger.ts(9,26): error TS1128: Declaration or statement expected.
migrated-ts/agi/com/hurlant/math/BigInteger.ts(10,19): error TS1005: ';' expected.
migrated-ts/agi/com/hurlant/math/BigInteger.ts(10,26): error TS1128: Declaration or statement expected.
migrated-ts/agi/com/hurlant/math/BigInteger.ts(11,19): error TS1005: ';' expected.
migrated-ts/agi/com/hurlant/math/BigInteger.ts(11,26): error TS1128: Declaration or statement expected.
migrated-ts/agi/com/hurlant/math/BigInteger.ts(12,19): error TS1005: ';' expected.
migrated-ts/agi/com/hurlant/math/BigInteger.ts(12,26): error TS1128: Declaration or statement expected.
migrated-ts/agi/com/hurlant/math/BigInteger.ts(13,19): error TS1005: ';' expected.
migrated-ts/agi/com/hurlant/math/BigInteger.ts(13,26): error TS1128: Declaration or statement expected.
migrated-ts/agi/com/hurlant/math/BigInteger.ts(14,19): error TS1005: ';' expected.
migrated-ts/agi/com/hurlant/math/BigInteger.ts(14,26): error TS1128: Declaration or statement expected.
migrated-ts/agi/com/hurlant/math/BigInteger.ts(15,19): error TS1005: ';' expected.
migrated-ts/agi/com/hurlant/math/BigInteger.ts(15,26): error TS1128: Declaration or statement expected.
migrated-ts/agi/com/hurlant/math/BigInteger.ts(15,50): error TS1011: An element access expression should take an argument.
migrated-ts/agi/com/hurlant/math/BigInteger.ts(16,19): error TS1005: ';' expected.
migrated-ts/agi/com/hurlant/math/BigInteger.ts(16,26): error TS1128: Declaration or statement expected.
migrated-ts/agi/com/hurlant/math/BigInteger.ts(17,19): error TS1005: ';' expected.
migrated-ts/agi/com/hurlant/math/BigInteger.ts(17,26): error TS1011: An element access expression should take an argument.
migrated-ts/agi/com/hurlant/math/BigInteger.ts(18,19): error TS1005: ';' expected.
migrated-ts/agi/com/hurlant/math/BigInteger.ts(19,19): error TS1005: ';' expected.
migrated-ts/agi/com/hurlant/math/BigInteger.ts(20,24): error TS1005: ',' expected.
migrated-ts/agi/com/hurlant/math/BigInteger.ts(20,43): error TS1005: ',' expected.
migrated-ts/agi/com/hurlant/math/BigInteger.ts(20,56): error TS1005: ';' expected.
migrated-ts/agi/com/hurlant/math/BigInteger.ts(24,21): error TS1005: ';' expected.
migrated-ts/agi/com/hurlant/math/BigInteger.ts(24,22): error TS1128: Declaration or statement expected.
migrated-ts/agi/com/hurlant/math/BigInteger.ts(34,24): error TS1005: ';' expected.
migrated-ts/agi/com/hurlant/math/BigInteger.ts(34,25): error TS1128: Declaration or statement expected.
migrated-ts/agi/com/hurlant/math/BigInteger.ts(38,19): error TS1005: ';' expected.
migrated-ts/agi/com/hurlant/math/BigInteger.ts(38,35): error TS1005: ',' expected.
migrated-ts/agi/com/hurlant/math/BigInteger.ts(38,44): error TS1005: ';' expected.
migrated-ts/agi/com/hurlant/math/BigInteger.ts(46,19): error TS1005: ';' expected.
migrated-ts/agi/com/hurlant/math/BigInteger.ts(46,29): error TS1005: ',' expected.
migrated-ts/agi/com/hurlant/math/BigInteger.ts(46,38): error TS1005: ';' expected.
migrated-ts/agi/com/hurlant/math/BigInteger.ts(51,19): error TS1005: ';' expected.
migrated-ts/agi/com/hurlant/math/BigInteger.ts(51,27): error TS1005: ';' expected.
migrated-ts/agi/com/hurlant/math/BigInteger.ts(59,19): error TS1005: ';' expected.
migrated-ts/agi/com/hurlant/math/BigInteger.ts(59,32): error TS1005: ',' expected.
migrated-ts/agi/com/hurlant/math/BigInteger.ts(59,45): error TS1005: ';' expected.
migrated-ts/agi/com/hurlant/math/BigInteger.ts(67,19): error TS1005: ';' expected.
migrated-ts/agi/com/hurlant/math/BigInteger.ts(67,27): error TS1005: ',' expected.
migrated-ts/agi/com/hurlant/math/BigInteger.ts(67,42): error TS1005: ',' expected.
migrated-ts/agi/com/hurlant/math/BigInteger.ts(67,55): error TS1005: ';' expected.
migrated-ts/agi/com/hurlant/math/BigInteger.ts(208,19): error TS1005: ';' expected.
migrated-ts/agi/com/hurlant/math/BigInteger.ts(208,41): error TS1005: ',' expected.
migrated-ts/agi/com/hurlant/math/BigInteger.ts(208,50): error TS1005: ';' expected.
migrated-ts/agi/com/hurlant/math/BigInteger.ts(251,7): error TS1128: Declaration or statement expected.
migrated-ts/agi/com/hurlant/math/BigInteger.ts(251,22): error TS1005: ',' expected.
migrated-ts/agi/com/hurlant/math/BigInteger.ts(251,33): error TS1005: ',' expected.
migrated-ts/agi/com/hurlant/math/BigInteger.ts(251,42): error TS1005: ';' expected.
migrated-ts/agi/com/hurlant/math/BigInteger.ts(256,19): error TS1005: ';' expected.
migrated-ts/agi/com/hurlant/math/BigInteger.ts(256,24): error TS1005: ',' expected.
migrated-ts/agi/com/hurlant/math/BigInteger.ts(256,37): error TS1005: ';' expected.
migrated-ts/agi/com/hurlant/math/BigInteger.ts(268,7): error TS1128: Declaration or statement expected.
migrated-ts/agi/com/hurlant/math/BigInteger.ts(268,29): error TS1005: ',' expected.
migrated-ts/agi/com/hurlant/math/BigInteger.ts(268,44): error TS1005: ',' expected.
migrated-ts/agi/com/hurlant/math/BigInteger.ts(268,57): error TS1005: ';' expected.
migrated-ts/agi/com/hurlant/math/BigInteger.ts(270,14): error TS1005: ',' expected.
migrated-ts/agi/com/hurlant/math/BigInteger.ts(270,27): error TS1005: ',' expected.
migrated-ts/agi/com/hurlant/math/BigInteger.ts(271,14): error TS1005: ',' expected.
migrated-ts/agi/com/hurlant/math/BigInteger.ts(271,27): error TS1005: ',' expected.
migrated-ts/agi/com/hurlant/math/BigInteger.ts(272,14): error TS1005: ',' expected.
migrated-ts/agi/com/hurlant/math/BigInteger.ts(272,27): error TS1005: ',' expected.
migrated-ts/agi/com/hurlant/math/BigInteger.ts(273,15): error TS1005: ',' expected.
migrated-ts/agi/com/hurlant/math/BigInteger.ts(274,15): error TS1005: ',' expected.
migrated-ts/agi/com/hurlant/math/BigInteger.ts(275,39): error TS1005: ',' expected.
migrated-ts/agi/com/hurlant/math/BigInteger.ts(276,18): error TS1005: ',' expected.
migrated-ts/agi/com/hurlant/math/BigInteger.ts(282,10): error TS1005: ',' expected.
migrated-ts/agi/com/hurlant/math/BigInteger.ts(282,17): error TS1005: ',' expected.
migrated-ts/agi/com/hurlant/math/BigInteger.ts(282,30): error TS1005: ',' expected.
migrated-ts/agi/com/hurlant/math/BigInteger.ts(283,10): error TS1136: Property assignment expected.
migrated-ts/agi/com/hurlant/math/BigInteger.ts(293,10): error TS1128: Declaration or statement expected.
migrated-ts/agi/com/hurlant/math/BigInteger.ts(315,7): error TS1128: Declaration or statement expected.
migrated-ts/agi/com/hurlant/math/BigInteger.ts(317,7): error TS1128: Declaration or statement expected.
migrated-ts/agi/com/hurlant/math/BigInteger.ts(317,33): error TS1005: ',' expected.
migrated-ts/agi/com/hurlant/math/BigInteger.ts(317,49): error TS1005: ',' expected.
migrated-ts/agi/com/hurlant/math/BigInteger.ts(317,62): error TS1005: ',' expected.
migrated-ts/agi/com/hurlant/math/BigInteger.ts(317,75): error TS1005: ';' expected.
migrated-ts/agi/com/hurlant/math/BigInteger.ts(319,14): error TS1005: ',' expected.
migrated-ts/agi/com/hurlant/math/BigInteger.ts(319,27): error TS1005: ',' expected.
migrated-ts/agi/com/hurlant/math/BigInteger.ts(320,14): error TS1005: ',' expected.
migrated-ts/agi/com/hurlant/math/BigInteger.ts(320,27): error TS1005: ',' expected.
migrated-ts/agi/com/hurlant/math/BigInteger.ts(321,14): error TS1005: ',' expected.
migrated-ts/agi/com/hurlant/math/BigInteger.ts(321,27): error TS1005: ',' expected.
migrated-ts/agi/com/hurlant/math/BigInteger.ts(322,39): error TS1005: ',' expected.
migrated-ts/agi/com/hurlant/math/BigInteger.ts(323,19): error TS1005: ',' expected.
migrated-ts/agi/com/hurlant/math/BigInteger.ts(323,23): error TS1005: ',' expected.
migrated-ts/agi/com/hurlant/math/BigInteger.ts(323,26): error TS1005: ',' expected.
migrated-ts/agi/com/hurlant/math/BigInteger.ts(323,29): error TS1005: ',' expected.
migrated-ts/agi/com/hurlant/math/BigInteger.ts(323,31): error TS1005: ';' expected.
migrated-ts/agi/com/hurlant/math/BigInteger.ts(347,7): error TS1128: Declaration or statement expected.
migrated-ts/agi/com/hurlant/math/BigInteger.ts(349,7): error TS1128: Declaration or statement expected.
migrated-ts/agi/com/hurlant/math/BigInteger.ts(349,25): error TS1005: ',' expected.
migrated-ts/agi/com/hurlant/math/BigInteger.ts(349,34): error TS1005: ';' expected.
migrated-ts/agi/com/hurlant/math/BigInteger.ts(377,7): error TS1128: Declaration or statement expected.
migrated-ts/agi/com/hurlant/math/BigInteger.ts(377,28): error TS1005: ',' expected.
migrated-ts/agi/com/hurlant/math/BigInteger.ts(377,37): error TS1005: ';' expected.
migrated-ts/agi/com/hurlant/math/BigInteger.ts(382,19): error TS1005: ';' expected.
migrated-ts/agi/com/hurlant/math/BigInteger.ts(382,31): error TS1005: ',' expected.
migrated-ts/agi/com/hurlant/math/BigInteger.ts(382,42): error TS1005: ',' expected.
migrated-ts/agi/com/hurlant/math/BigInteger.ts(382,51): error TS1005: ';' expected.
migrated-ts/agi/com/hurlant/math/BigInteger.ts(384,20): error TS1005: ',' expected.
migrated-ts/agi/com/hurlant/math/BigInteger.ts(384,27): error TS1005: ',' expected.
migrated-ts/agi/com/hurlant/math/BigInteger.ts(385,10): error TS1136: Property assignment expected.
migrated-ts/agi/com/hurlant/math/BigInteger.ts(398,7): error TS1128: Declaration or statement expected.
migrated-ts/agi/com/hurlant/math/BigInteger.ts(400,19): error TS1005: ';' expected.
migrated-ts/agi/com/hurlant/math/BigInteger.ts(400,29): error TS1005: ',' expected.
migrated-ts/agi/com/hurlant/math/BigInteger.ts(400,40): error TS1005: ',' expected.
migrated-ts/agi/com/hurlant/math/BigInteger.ts(400,53): error TS1005: ';' expected.
migrated-ts/agi/com/hurlant/math/BigInteger.ts(402,14): error TS1005: ',' expected.
migrated-ts/agi/com/hurlant/math/BigInteger.ts(402,28): error TS1005: ',' expected.
migrated-ts/agi/com/hurlant/math/BigInteger.ts(403,14): error TS1005: ',' expected.
migrated-ts/agi/com/hurlant/math/BigInteger.ts(403,29): error TS1005: ',' expected.
migrated-ts/agi/com/hurlant/math/BigInteger.ts(404,14): error TS1005: ',' expected.
migrated-ts/agi/com/hurlant/math/BigInteger.ts(404,28): error TS1005: ',' expected.
migrated-ts/agi/com/hurlant/math/BigInteger.ts(405,14): error TS1005: ',' expected.
migrated-ts/agi/com/hurlant/math/BigInteger.ts(405,28): error TS1005: ',' expected.
migrated-ts/agi/com/hurlant/math/BigInteger.ts(406,14): error TS1005: ',' expected.
migrated-ts/agi/com/hurlant/math/BigInteger.ts(406,27): error TS1005: ',' expected.
migrated-ts/agi/com/hurlant/math/BigInteger.ts(407,14): error TS1005: ',' expected.
migrated-ts/agi/com/hurlant/math/BigInteger.ts(407,27): error TS1005: ',' expected.
migrated-ts/agi/com/hurlant/math/BigInteger.ts(408,26): error TS1005: ',' expected.
migrated-ts/agi/com/hurlant/math/BigInteger.ts(409,28): error TS1005: ',' expected.
migrated-ts/agi/com/hurlant/math/BigInteger.ts(410,29): error TS1005: ',' expected.
migrated-ts/agi/com/hurlant/math/BigInteger.ts(411,26): error TS1005: ',' expected.
migrated-ts/agi/com/hurlant/math/BigInteger.ts(412,36): error TS1005: ',' expected.
migrated-ts/agi/com/hurlant/math/BigInteger.ts(413,28): error TS1005: ',' expected.
migrated-ts/agi/com/hurlant/math/BigInteger.ts(413,32): error TS1005: ',' expected.
migrated-ts/agi/com/hurlant/math/BigInteger.ts(413,41): error TS1005: ';' expected.
migrated-ts/agi/com/hurlant/math/BigInteger.ts(426,7): error TS1128: Declaration or statement expected.
migrated-ts/agi/com/hurlant/math/BigInteger.ts(428,19): error TS1005: ';' expected.
migrated-ts/agi/com/hurlant/math/BigInteger.ts(428,36): error TS1005: ';' expected.
migrated-ts/agi/com/hurlant/math/BigInteger.ts(445,19): error TS1005: ';' expected.
migrated-ts/agi/com/hurlant/math/BigInteger.ts(445,34): error TS1005: ',' expected.
migrated-ts/agi/com/hurlant/math/BigInteger.ts(445,47): error TS1005: ';' expected.
migrated-ts/agi/com/hurlant/math/BigInteger.ts(453,19): error TS1005: ';' expected.
migrated-ts/agi/com/hurlant/math/BigInteger.ts(453,31): error TS1005: ',' expected.
migrated-ts/agi/com/hurlant/math/BigInteger.ts(453,47): error TS1005: ',' expected.
migrated-ts/agi/com/hurlant/math/BigInteger.ts(453,56): error TS1005: ';' expected.
migrated-ts/agi/com/hurlant/math/BigInteger.ts(455,13): error TS1003: Identifier expected.
migrated-ts/agi/com/hurlant/math/BigInteger.ts(455,21): error TS1005: ',' expected.
migrated-ts/agi/com/hurlant/math/BigInteger.ts(455,31): error TS1005: ';' expected.
migrated-ts/agi/com/hurlant/math/BigInteger.ts(470,7): error TS1128: Declaration or statement expected.
migrated-ts/agi/com/hurlant/math/BigInteger.ts(472,19): error TS1005: ';' expected.
migrated-ts/agi/com/hurlant/math/BigInteger.ts(472,29): error TS1005: ',' expected.
migrated-ts/agi/com/hurlant/math/BigInteger.ts(472,42): error TS1005: ';' expected.
migrated-ts/agi/com/hurlant/math/BigInteger.ts(532,19): error TS1005: ';' expected.
migrated-ts/agi/com/hurlant/math/BigInteger.ts(532,41): error TS1005: ',' expected.
migrated-ts/agi/com/hurlant/math/BigInteger.ts(532,56): error TS1005: ',' expected.
migrated-ts/agi/com/hurlant/math/BigInteger.ts(532,67): error TS1005: ',' expected.
migrated-ts/agi/com/hurlant/math/BigInteger.ts(532,80): error TS1005: ';' expected.
migrated-ts/agi/com/hurlant/math/BigInteger.ts(534,14): error TS1005: ',' expected.
migrated-ts/agi/com/hurlant/math/BigInteger.ts(534,27): error TS1005: ',' expected.
migrated-ts/agi/com/hurlant/math/BigInteger.ts(535,14): error TS1005: ',' expected.
migrated-ts/agi/com/hurlant/math/BigInteger.ts(535,27): error TS1005: ',' expected.
migrated-ts/agi/com/hurlant/math/BigInteger.ts(536,43): error TS1005: ',' expected.
migrated-ts/agi/com/hurlant/math/BigInteger.ts(537,11): error TS1005: ',' expected.
migrated-ts/agi/com/hurlant/math/BigInteger.ts(537,17): error TS1005: ',' expected.
migrated-ts/agi/com/hurlant/math/BigInteger.ts(538,11): error TS1005: ',' expected.
migrated-ts/agi/com/hurlant/math/BigInteger.ts(538,17): error TS1005: ',' expected.
migrated-ts/agi/com/hurlant/math/BigInteger.ts(539,18): error TS1005: ',' expected.
migrated-ts/agi/com/hurlant/math/BigInteger.ts(539,21): error TS1005: ';' expected.
migrated-ts/agi/com/hurlant/math/BigInteger.ts(552,7): error TS1128: Declaration or statement expected.
migrated-ts/agi/com/hurlant/math/BigInteger.ts(554,19): error TS1005: ';' expected.
migrated-ts/agi/com/hurlant/math/BigInteger.ts(554,30): error TS1005: ',' expected.
migrated-ts/agi/com/hurlant/math/BigInteger.ts(554,41): error TS1005: ',' expected.
migrated-ts/agi/com/hurlant/math/BigInteger.ts(554,54): error TS1005: ';' expected.
migrated-ts/agi/com/hurlant/math/BigInteger.ts(568,19): error TS1005: ';' expected.
migrated-ts/agi/com/hurlant/math/BigInteger.ts(568,28): error TS1005: ',' expected.
migrated-ts/agi/com/hurlant/math/BigInteger.ts(568,43): error TS1005: ',' expected.
migrated-ts/agi/com/hurlant/math/BigInteger.ts(568,52): error TS1005: ';' expected.
migrated-ts/agi/com/hurlant/math/BigInteger.ts(573,19): error TS1005: ';' expected.
migrated-ts/agi/com/hurlant/math/BigInteger.ts(573,28): error TS1005: ',' expected.
migrated-ts/agi/com/hurlant/math/BigInteger.ts(573,37): error TS1005: ';' expected.
migrated-ts/agi/com/hurlant/math/BigInteger.ts(584,19): error TS1005: ';' expected.
migrated-ts/agi/com/hurlant/math/BigInteger.ts(584,24): error TS1005: ',' expected.
migrated-ts/agi/com/hurlant/math/BigInteger.ts(584,35): error TS1005: ',' expected.
migrated-ts/agi/com/hurlant/math/BigInteger.ts(584,48): error TS1005: ';' expected.
migrated-ts/agi/com/hurlant/math/BigInteger.ts(617,19): error TS1005: ';' expected.
migrated-ts/agi/com/hurlant/math/BigInteger.ts(617,32): error TS1005: ',' expected.
migrated-ts/agi/com/hurlant/math/BigInteger.ts(617,44): error TS1005: ';' expected.
migrated-ts/agi/com/hurlant/math/BigInteger.ts(671,19): error TS1005: ';' expected.
migrated-ts/agi/com/hurlant/math/BigInteger.ts(671,28): error TS1005: ';' expected.
migrated-ts/agi/com/hurlant/math/BigInteger.ts(673,14): error TS1005: ',' expected.
migrated-ts/agi/com/hurlant/math/BigInteger.ts(673,30): error TS1005: ',' expected.
migrated-ts/agi/com/hurlant/math/BigInteger.ts(674,14): error TS1005: ',' expected.
migrated-ts/agi/com/hurlant/math/BigInteger.ts(674,27): error TS1005: ',' expected.
migrated-ts/agi/com/hurlant/math/BigInteger.ts(675,26): error TS1005: ',' expected.
migrated-ts/agi/com/hurlant/math/BigInteger.ts(676,19): error TS1005: ',' expected.
migrated-ts/agi/com/hurlant/math/BigInteger.ts(676,23): error TS1005: ',' expected.
migrated-ts/agi/com/hurlant/math/BigInteger.ts(676,29): error TS1005: ',' expected.
migrated-ts/agi/com/hurlant/math/BigInteger.ts(676,38): error TS1005: ',' expected.
migrated-ts/agi/com/hurlant/math/BigInteger.ts(676,41): error TS1005: ',' expected.
migrated-ts/agi/com/hurlant/math/BigInteger.ts(676,43): error TS1005: ';' expected.
migrated-ts/agi/com/hurlant/math/BigInteger.ts(685,7): error TS1128: Declaration or statement expected.
migrated-ts/agi/com/hurlant/math/BigInteger.ts(687,7): error TS1128: Declaration or statement expected.
migrated-ts/agi/com/hurlant/math/BigInteger.ts(687,21): error TS1005: ',' expected.
migrated-ts/agi/com/hurlant/math/BigInteger.ts(687,30): error TS1005: ';' expected.
migrated-ts/agi/com/hurlant/math/BigInteger.ts(722,19): error TS1005: ';' expected.
migrated-ts/agi/com/hurlant/math/BigInteger.ts(722,29): error TS1005: ',' expected.
migrated-ts/agi/com/hurlant/math/BigInteger.ts(722,44): error TS1005: ',' expected.
migrated-ts/agi/com/hurlant/math/BigInteger.ts(722,73): error TS1005: ',' expected.
migrated-ts/agi/com/hurlant/math/BigInteger.ts(722,100): error TS1005: ';' expected.
migrated-ts/agi/com/hurlant/math/BigInteger.ts(724,14): error TS1005: ',' expected.
migrated-ts/agi/com/hurlant/math/BigInteger.ts(724,35): error TS1005: ',' expected.
migrated-ts/agi/com/hurlant/math/BigInteger.ts(725,14): error TS1005: ',' expected.
migrated-ts/agi/com/hurlant/math/BigInteger.ts(725,35): error TS1005: ',' expected.
migrated-ts/agi/com/hurlant/math/BigInteger.ts(726,14): error TS1005: ',' expected.
migrated-ts/agi/com/hurlant/math/BigInteger.ts(726,34): error TS1005: ',' expected.
migrated-ts/agi/com/hurlant/math/BigInteger.ts(727,14): error TS1005: ',' expected.
migrated-ts/agi/com/hurlant/math/BigInteger.ts(727,28): error TS1005: ',' expected.
migrated-ts/agi/com/hurlant/math/BigInteger.ts(728,14): error TS1005: ',' expected.
migrated-ts/agi/com/hurlant/math/BigInteger.ts(728,28): error TS1005: ',' expected.
migrated-ts/agi/com/hurlant/math/BigInteger.ts(729,14): error TS1005: ',' expected.
migrated-ts/agi/com/hurlant/math/BigInteger.ts(729,29): error TS1005: ',' expected.
migrated-ts/agi/com/hurlant/math/BigInteger.ts(730,14): error TS1005: ',' expected.
migrated-ts/agi/com/hurlant/math/BigInteger.ts(730,28): error TS1005: ',' expected.
migrated-ts/agi/com/hurlant/math/BigInteger.ts(731,14): error TS1005: ',' expected.
migrated-ts/agi/com/hurlant/math/BigInteger.ts(731,28): error TS1005: ',' expected.
migrated-ts/agi/com/hurlant/math/BigInteger.ts(732,14): error TS1005: ',' expected.
migrated-ts/agi/com/hurlant/math/BigInteger.ts(732,30): error TS1005: ',' expected.
migrated-ts/agi/com/hurlant/math/BigInteger.ts(733,14): error TS1005: ',' expected.
migrated-ts/agi/com/hurlant/math/BigInteger.ts(733,30): error TS1005: ',' expected.
migrated-ts/agi/com/hurlant/math/BigInteger.ts(734,14): error TS1005: ',' expected.
migrated-ts/agi/com/hurlant/math/BigInteger.ts(734,30): error TS1005: ',' expected.
migrated-ts/agi/com/hurlant/math/BigInteger.ts(735,14): error TS1005: ',' expected.
migrated-ts/agi/com/hurlant/math/BigInteger.ts(735,29): error TS1005: ',' expected.
migrated-ts/agi/com/hurlant/math/BigInteger.ts(736,14): error TS1005: ',' expected.
migrated-ts/agi/com/hurlant/math/BigInteger.ts(736,27): error TS1005: ',' expected.
migrated-ts/agi/com/hurlant/math/BigInteger.ts(737,14): error TS1005: ',' expected.
migrated-ts/agi/com/hurlant/math/BigInteger.ts(737,27): error TS1005: ',' expected.
migrated-ts/agi/com/hurlant/math/BigInteger.ts(738,14): error TS1005: ',' expected.
migrated-ts/agi/com/hurlant/math/BigInteger.ts(738,34): error TS1005: ',' expected.
migrated-ts/agi/com/hurlant/math/BigInteger.ts(739,14): error TS1005: ',' expected.
migrated-ts/agi/com/hurlant/math/BigInteger.ts(739,28): error TS1005: ',' expected.
migrated-ts/agi/com/hurlant/math/BigInteger.ts(740,22): error TS1005: ',' expected.
migrated-ts/agi/com/hurlant/math/BigInteger.ts(741,15): error TS1005: ',' expected.
migrated-ts/agi/com/hurlant/math/BigInteger.ts(741,22): error TS1005: ',' expected.
migrated-ts/agi/com/hurlant/math/BigInteger.ts(742,10): error TS1136: Property assignment expected.
migrated-ts/agi/com/hurlant/math/BigInteger.ts(831,7): error TS1128: Declaration or statement expected.
migrated-ts/agi/com/hurlant/math/BigInteger.ts(833,19): error TS1005: ';' expected.
migrated-ts/agi/com/hurlant/math/BigInteger.ts(833,35): error TS1005: ',' expected.
migrated-ts/agi/com/hurlant/math/BigInteger.ts(833,48): error TS1005: ';' expected.
migrated-ts/agi/com/hurlant/math/BigInteger.ts(841,19): error TS1005: ';' expected.
migrated-ts/agi/com/hurlant/math/BigInteger.ts(841,32): error TS1005: ',' expected.
migrated-ts/agi/com/hurlant/math/BigInteger.ts(841,45): error TS1005: ';' expected.
migrated-ts/agi/com/hurlant/math/BigInteger.ts(849,19): error TS1005: ';' expected.
migrated-ts/agi/com/hurlant/math/BigInteger.ts(849,44): error TS1005: ',' expected.
migrated-ts/agi/com/hurlant/math/BigInteger.ts(849,57): error TS1005: ';' expected.
migrated-ts/agi/com/hurlant/math/BigInteger.ts(849,63): error TS1011: An element access expression should take an argument.
migrated-ts/agi/com/hurlant/math/BigInteger.ts(859,19): error TS1005: ';' expected.
migrated-ts/agi/com/hurlant/math/BigInteger.ts(859,28): error TS1005: ';' expected.
migrated-ts/agi/com/hurlant/math/BigInteger.ts(874,19): error TS1005: ';' expected.
migrated-ts/agi/com/hurlant/math/BigInteger.ts(874,30): error TS1005: ',' expected.
migrated-ts/agi/com/hurlant/math/BigInteger.ts(874,39): error TS1005: ';' expected.
migrated-ts/agi/com/hurlant/math/BigInteger.ts(889,19): error TS1005: ';' expected.
migrated-ts/agi/com/hurlant/math/BigInteger.ts(889,34): error TS1005: ',' expected.
migrated-ts/agi/com/hurlant/math/BigInteger.ts(889,47): error TS1005: ';' expected.
migrated-ts/agi/com/hurlant/math/BigInteger.ts(897,19): error TS1005: ';' expected.
migrated-ts/agi/com/hurlant/math/BigInteger.ts(897,23): error TS1005: ',' expected.
migrated-ts/agi/com/hurlant/math/BigInteger.ts(897,34): error TS1005: ',' expected.
migrated-ts/agi/com/hurlant/math/BigInteger.ts(897,45): error TS1005: ',' expected.
migrated-ts/agi/com/hurlant/math/BigInteger.ts(897,60): error TS1005: ',' expected.
migrated-ts/agi/com/hurlant/math/BigInteger.ts(897,71): error TS1005: ',' expected.
migrated-ts/agi/com/hurlant/math/BigInteger.ts(897,82): error TS1005: ',' expected.
migrated-ts/agi/com/hurlant/math/BigInteger.ts(897,91): error TS1005: ';' expected.
migrated-ts/agi/com/hurlant/math/BigInteger.ts(918,19): error TS1005: ';' expected.
migrated-ts/agi/com/hurlant/math/BigInteger.ts(918,30): error TS1005: ',' expected.
migrated-ts/agi/com/hurlant/math/BigInteger.ts(918,41): error TS1005: ',' expected.
migrated-ts/agi/com/hurlant/math/BigInteger.ts(918,54): error TS1005: ';' expected.
migrated-ts/agi/com/hurlant/math/BigInteger.ts(920,14): error TS1005: ',' expected.
migrated-ts/agi/com/hurlant/math/BigInteger.ts(920,27): error TS1005: ',' expected.
migrated-ts/agi/com/hurlant/math/BigInteger.ts(921,19): error TS1005: ',' expected.
migrated-ts/agi/com/hurlant/math/BigInteger.ts(921,23): error TS1005: ',' expected.
migrated-ts/agi/com/hurlant/math/BigInteger.ts(921,29): error TS1005: ',' expected.
migrated-ts/agi/com/hurlant/math/BigInteger.ts(921,31): error TS1005: ',' expected.
migrated-ts/agi/com/hurlant/math/BigInteger.ts(921,34): error TS1005: ',' expected.
migrated-ts/agi/com/hurlant/math/BigInteger.ts(921,36): error TS1005: ';' expected.
migrated-ts/agi/com/hurlant/math/BigInteger.ts(927,7): error TS1128: Declaration or statement expected.
migrated-ts/agi/com/hurlant/math/BigInteger.ts(929,19): error TS1005: ';' expected.
migrated-ts/agi/com/hurlant/math/BigInteger.ts(929,29): error TS1005: ',' expected.
migrated-ts/agi/com/hurlant/math/BigInteger.ts(929,42): error TS1005: ';' expected.
migrated-ts/agi/com/hurlant/math/BigInteger.ts(937,19): error TS1005: ';' expected.
migrated-ts/agi/com/hurlant/math/BigInteger.ts(937,41): error TS1005: ',' expected.
migrated-ts/agi/com/hurlant/math/BigInteger.ts(937,56): error TS1005: ',' expected.
migrated-ts/agi/com/hurlant/math/BigInteger.ts(937,67): error TS1005: ',' expected.
migrated-ts/agi/com/hurlant/math/BigInteger.ts(937,80): error TS1005: ';' expected.
migrated-ts/agi/com/hurlant/math/BigInteger.ts(939,14): error TS1005: ',' expected.
migrated-ts/agi/com/hurlant/math/BigInteger.ts(939,27): error TS1005: ',' expected.
migrated-ts/agi/com/hurlant/math/BigInteger.ts(940,11): error TS1005: ',' expected.
migrated-ts/agi/com/hurlant/math/BigInteger.ts(953,7): error TS1128: Declaration or statement expected.
migrated-ts/agi/com/hurlant/math/BigInteger.ts(955,7): error TS1128: Declaration or statement expected.
migrated-ts/agi/com/hurlant/math/BigInteger.ts(955,22): error TS1005: ';' expected.
migrated-ts/agi/com/hurlant/math/BigInteger.ts(960,7): error TS1128: Declaration or statement expected.
migrated-ts/agi/com/hurlant/math/BigInteger.ts(960,35): error TS1005: ',' expected.
migrated-ts/agi/com/hurlant/math/BigInteger.ts(960,44): error TS1005: ';' expected.
migrated-ts/agi/com/hurlant/math/BigInteger.ts(1006,19): error TS1005: ';' expected.
migrated-ts/agi/com/hurlant/math/BigInteger.ts(1006,30): error TS1005: ',' expected.
migrated-ts/agi/com/hurlant/math/BigInteger.ts(1006,39): error TS1005: ';' expected.
migrated-ts/agi/com/hurlant/math/BigInteger.ts(1008,14): error TS1005: ':' expected.
migrated-ts/agi/com/hurlant/math/BigInteger.ts(1008,54): error TS1005: ',' expected.
migrated-ts/agi/com/hurlant/math/BigInteger.ts(1009,10): error TS1136: Property assignment expected.
migrated-ts/agi/com/hurlant/math/BigInteger.ts(1011,7): error TS1128: Declaration or statement expected.
migrated-ts/agi/com/hurlant/math/BigInteger.ts(1013,7): error TS1128: Declaration or statement expected.
migrated-ts/agi/com/hurlant/math/BigInteger.ts(1013,26): error TS1005: ',' expected.
migrated-ts/agi/com/hurlant/math/BigInteger.ts(1013,37): error TS1005: ',' expected.
migrated-ts/agi/com/hurlant/math/BigInteger.ts(1013,46): error TS1005: ';' expected.
migrated-ts/agi/com/hurlant/math/BigInteger.ts(1018,19): error TS1005: ';' expected.
migrated-ts/agi/com/hurlant/math/BigInteger.ts(1018,26): error TS1005: ';' expected.
migrated-ts/agi/com/hurlant/math/BigInteger.ts(1020,14): error TS1005: ',' expected.
migrated-ts/agi/com/hurlant/math/BigInteger.ts(1020,27): error TS1005: ',' expected.
migrated-ts/agi/com/hurlant/math/BigInteger.ts(1021,30): error TS1005: ',' expected.
migrated-ts/agi/com/hurlant/math/BigInteger.ts(1022,20): error TS1005: ',' expected.
migrated-ts/agi/com/hurlant/math/BigInteger.ts(1022,53): error TS1005: ',' expected.
migrated-ts/agi/com/hurlant/math/BigInteger.ts(1023,10): error TS1136: Property assignment expected.
migrated-ts/agi/com/hurlant/math/BigInteger.ts(1026,7): error TS1128: Declaration or statement expected.
migrated-ts/agi/com/hurlant/math/BigInteger.ts(1028,19): error TS1005: ';' expected.
migrated-ts/agi/com/hurlant/math/BigInteger.ts(1028,29): error TS1005: ';' expected.
migrated-ts/agi/com/hurlant/math/BigInteger.ts(1049,7): error TS1128: Declaration or statement expected.
migrated-ts/agi/com/hurlant/math/BigInteger.ts(1049,28): error TS1005: ',' expected.
migrated-ts/agi/com/hurlant/math/BigInteger.ts(1049,40): error TS1005: ',' expected.
migrated-ts/agi/com/hurlant/math/BigInteger.ts(1049,51): error TS1005: ';' expected.
migrated-ts/agi/com/hurlant/math/BigInteger.ts(1057,19): error TS1005: ';' expected.
migrated-ts/agi/com/hurlant/math/BigInteger.ts(1057,32): error TS1005: ',' expected.
migrated-ts/agi/com/hurlant/math/BigInteger.ts(1057,45): error TS1005: ';' expected.
migrated-ts/agi/com/hurlant/math/BigInteger.ts(1062,19): error TS1005: ';' expected.
migrated-ts/agi/com/hurlant/math/BigInteger.ts(1062,30): error TS1005: ',' expected.
migrated-ts/agi/com/hurlant/math/BigInteger.ts(1062,43): error TS1005: ';' expected.
migrated-ts/agi/com/hurlant/math/BigInteger.ts(1088,19): error TS1005: ';' expected.
migrated-ts/agi/com/hurlant/math/BigInteger.ts(1088,31): error TS1005: ',' expected.
migrated-ts/agi/com/hurlant/math/BigInteger.ts(1088,40): error TS1005: ';' expected.
migrated-ts/agi/com/hurlant/math/BigInteger.ts(1103,19): error TS1005: ';' expected.
migrated-ts/agi/com/hurlant/math/BigInteger.ts(1103,31): error TS1005: ',' expected.
migrated-ts/agi/com/hurlant/math/BigInteger.ts(1103,46): error TS1005: ',' expected.
migrated-ts/agi/com/hurlant/math/BigInteger.ts(1103,59): error TS1005: ';' expected.
migrated-ts/agi/com/hurlant/math/BigInteger.ts(1105,14): error TS1005: ',' expected.
migrated-ts/agi/com/hurlant/math/BigInteger.ts(1105,34): error TS1005: ',' expected.
migrated-ts/agi/com/hurlant/math/BigInteger.ts(1106,14): error TS1005: ',' expected.
migrated-ts/agi/com/hurlant/math/BigInteger.ts(1106,34): error TS1005: ',' expected.
migrated-ts/agi/com/hurlant/math/BigInteger.ts(1107,14): error TS1005: ',' expected.
migrated-ts/agi/com/hurlant/math/BigInteger.ts(1107,27): error TS1005: ',' expected.
migrated-ts/agi/com/hurlant/math/BigInteger.ts(1108,19): error TS1005: ',' expected.
migrated-ts/agi/com/hurlant/math/BigInteger.ts(1109,21): error TS1005: ',' expected.
migrated-ts/agi/com/hurlant/math/BigInteger.ts(1110,17): error TS1005: ',' expected.
migrated-ts/agi/com/hurlant/math/BigInteger.ts(1111,11): error TS1005: ',' expected.
migrated-ts/agi/com/hurlant/math/BigInteger.ts(1111,23): error TS1005: ',' expected.
migrated-ts/agi/com/hurlant/math/BigInteger.ts(1112,16): error TS1138: Parameter declaration expected.
migrated-ts/agi/com/hurlant/math/BigInteger.ts(1112,18): error TS1005: ';' expected.
migrated-ts/agi/com/hurlant/math/BigInteger.ts(1112,24): error TS1005: ';' expected.
migrated-ts/agi/com/hurlant/math/BigInteger.ts(1126,7): error TS1128: Declaration or statement expected.
migrated-ts/agi/com/hurlant/math/BigInteger.ts(1128,19): error TS1005: ';' expected.
migrated-ts/agi/com/hurlant/math/BigInteger.ts(1128,29): error TS1005: ';' expected.
migrated-ts/agi/com/hurlant/math/BigInteger.ts(1142,19): error TS1005: ';' expected.
migrated-ts/agi/com/hurlant/math/BigInteger.ts(1142,30): error TS1005: ';' expected.
migrated-ts/agi/com/hurlant/math/BigInteger.ts(1147,7): error TS1128: Declaration or statement expected.
migrated-ts/agi/com/hurlant/math/BigInteger.ts(1147,21): error TS1005: ',' expected.
migrated-ts/agi/com/hurlant/math/BigInteger.ts(1147,30): error TS1005: ';' expected.
migrated-ts/agi/com/hurlant/math/BigInteger.ts(1158,19): error TS1005: ';' expected.
migrated-ts/agi/com/hurlant/math/BigInteger.ts(1158,29): error TS1005: ',' expected.
migrated-ts/agi/com/hurlant/math/BigInteger.ts(1158,40): error TS1005: ',' expected.
migrated-ts/agi/com/hurlant/math/BigInteger.ts(1158,53): error TS1005: ';' expected.
migrated-ts/agi/com/hurlant/math/BigInteger.ts(1160,14): error TS1005: ',' expected.
migrated-ts/agi/com/hurlant/math/BigInteger.ts(1160,28): error TS1005: ',' expected.
migrated-ts/agi/com/hurlant/math/BigInteger.ts(1161,14): error TS1005: ',' expected.
migrated-ts/agi/com/hurlant/math/BigInteger.ts(1161,28): error TS1005: ',' expected.
migrated-ts/agi/com/hurlant/math/BigInteger.ts(1162,14): error TS1005: ',' expected.
migrated-ts/agi/com/hurlant/math/BigInteger.ts(1162,29): error TS1005: ',' expected.
migrated-ts/agi/com/hurlant/math/BigInteger.ts(1163,14): error TS1005: ',' expected.
migrated-ts/agi/com/hurlant/math/BigInteger.ts(1163,28): error TS1005: ',' expected.
migrated-ts/agi/com/hurlant/math/BigInteger.ts(1164,14): error TS1005: ',' expected.
migrated-ts/agi/com/hurlant/math/BigInteger.ts(1164,27): error TS1005: ',' expected.
migrated-ts/agi/com/hurlant/math/BigInteger.ts(1165,11): error TS1005: ',' expected.
migrated-ts/agi/com/hurlant/math/BigInteger.ts(1165,22): error TS1005: ',' expected.
migrated-ts/agi/com/hurlant/math/BigInteger.ts(1166,26): error TS1005: ',' expected.
migrated-ts/agi/com/hurlant/math/BigInteger.ts(1167,16): error TS1005: ',' expected.
migrated-ts/agi/com/hurlant/math/BigInteger.ts(1167,25): error TS1005: ';' expected.
migrated-ts/agi/com/hurlant/math/BigInteger.ts(1187,7): error TS1128: Declaration or statement expected.
migrated-ts/agi/com/hurlant/math/BigInteger.ts(1189,19): error TS1005: ';' expected.
migrated-ts/agi/com/hurlant/math/BigInteger.ts(1189,31): error TS1005: ',' expected.
migrated-ts/agi/com/hurlant/math/BigInteger.ts(1189,44): error TS1005: ';' expected.
migrated-ts/agi/com/hurlant/math/BigInteger.ts(1286,19): error TS1005: ';' expected.
migrated-ts/agi/com/hurlant/math/BigInteger.ts(1286,34): error TS1005: ',' expected.
migrated-ts/agi/com/hurlant/math/BigInteger.ts(1286,53): error TS1005: ',' expected.
migrated-ts/agi/com/hurlant/math/BigInteger.ts(1286,62): error TS1005: ';' expected.
migrated-ts/agi/com/hurlant/math/BigInteger.ts(1288,14): error TS1005: ',' expected.
migrated-ts/agi/com/hurlant/math/BigInteger.ts(1288,27): error TS1005: ',' expected.
migrated-ts/agi/com/hurlant/math/BigInteger.ts(1289,14): error TS1005: ',' expected.
migrated-ts/agi/com/hurlant/math/BigInteger.ts(1289,27): error TS1005: ',' expected.
migrated-ts/agi/com/hurlant/math/BigInteger.ts(1290,14): error TS1005: ',' expected.
migrated-ts/agi/com/hurlant/math/BigInteger.ts(1290,28): error TS1005: ',' expected.
migrated-ts/agi/com/hurlant/math/BigInteger.ts(1291,14): error TS1005: ',' expected.
migrated-ts/agi/com/hurlant/math/BigInteger.ts(1291,27): error TS1005: ',' expected.
migrated-ts/agi/com/hurlant/math/BigInteger.ts(1292,14): error TS1005: ',' expected.
migrated-ts/agi/com/hurlant/math/BigInteger.ts(1292,27): error TS1005: ',' expected.
migrated-ts/agi/com/hurlant/math/BigInteger.ts(1293,40): error TS1005: ',' expected.
migrated-ts/agi/com/hurlant/math/BigInteger.ts(1294,24): error TS1005: ',' expected.
migrated-ts/agi/com/hurlant/math/BigInteger.ts(1295,16): error TS1005: ',' expected.
migrated-ts/agi/com/hurlant/math/BigInteger.ts(1296,15): error TS1005: ',' expected.
migrated-ts/agi/com/hurlant/math/BigInteger.ts(1297,14): error TS1005: ':' expected.
migrated-ts/agi/com/hurlant/math/BigInteger.ts(1297,20): error TS1005: ',' expected.
migrated-ts/agi/com/hurlant/math/BigInteger.ts(1298,14): error TS1005: ':' expected.
migrated-ts/agi/com/hurlant/math/BigInteger.ts(1298,20): error TS1005: ',' expected.
migrated-ts/agi/com/hurlant/math/BigInteger.ts(1299,16): error TS1138: Parameter declaration expected.
migrated-ts/agi/com/hurlant/math/BigInteger.ts(1299,18): error TS1005: ';' expected.
migrated-ts/agi/com/hurlant/math/BigInteger.ts(1299,24): error TS1005: ';' expected.
migrated-ts/agi/com/hurlant/math/BigInteger.ts(1323,7): error TS1128: Declaration or statement expected.
migrated-ts/agi/com/hurlant/math/BigInteger.ts(1325,19): error TS1005: ';' expected.
migrated-ts/agi/com/hurlant/math/BigInteger.ts(1325,27): error TS1005: ',' expected.
migrated-ts/agi/com/hurlant/math/BigInteger.ts(1325,40): error TS1005: ';' expected.
migrated-ts/agi/com/hurlant/math/BigInteger.ts(1327,14): error TS1005: ',' expected.
migrated-ts/agi/com/hurlant/math/BigInteger.ts(1327,27): error TS1005: ',' expected.
migrated-ts/agi/com/hurlant/math/BigInteger.ts(1328,28): error TS1005: ',' expected.
migrated-ts/agi/com/hurlant/math/BigInteger.ts(1328,32): error TS1005: ',' expected.
migrated-ts/agi/com/hurlant/math/BigInteger.ts(1328,41): error TS1005: ';' expected.
migrated-ts/agi/com/hurlant/math/BigInteger.ts(1334,7): error TS1128: Declaration or statement expected.
migrated-ts/agi/com/hurlant/math/BigInteger.ts(1336,19): error TS1005: ';' expected.
migrated-ts/agi/com/hurlant/math/BigInteger.ts(1336,29): error TS1005: ';' expected.
migrated-ts/agi/com/hurlant/math/BigInteger.ts(1363,19): error TS1005: ';' expected.
migrated-ts/agi/com/hurlant/math/BigInteger.ts(1363,29): error TS1005: ',' expected.
migrated-ts/agi/com/hurlant/math/BigInteger.ts(1363,42): error TS1005: ';' expected.
migrated-ts/agi/com/hurlant/math/BigInteger.ts(1368,19): error TS1005: ';' expected.
migrated-ts/agi/com/hurlant/math/BigInteger.ts(1368,30): error TS1005: ';' expected.
migrated-ts/agi/com/hurlant/math/BigInteger.ts(1377,19): error TS1005: ';' expected.
migrated-ts/agi/com/hurlant/math/BigInteger.ts(1377,31): error TS1005: ';' expected.
migrated-ts/agi/com/hurlant/math/BigInteger.ts(1382,19): error TS1005: ';' expected.
migrated-ts/agi/com/hurlant/math/BigInteger.ts(1382,29): error TS1005: ',' expected.
migrated-ts/agi/com/hurlant/math/BigInteger.ts(1382,42): error TS1005: ';' expected.
migrated-ts/agi/com/hurlant/math/BigInteger.ts(1390,7): error TS1128: Declaration or statement expected.
migrated-ts/agi/com/hurlant/math/BigInteger.ts(1390,26): error TS1005: ',' expected.
migrated-ts/agi/com/hurlant/math/BigInteger.ts(1390,40): error TS1005: ';' expected.
migrated-ts/agi/com/hurlant/math/BigInteger.ts(1417,19): error TS1005: ';' expected.
migrated-ts/agi/com/hurlant/math/BigInteger.ts(1417,24): error TS1005: ';' expected.
migrated-ts/agi/com/hurlant/math/BigInteger.ts(1431,19): error TS1005: ';' expected.
migrated-ts/agi/com/hurlant/math/BigInteger.ts(1431,26): error TS1005: ',' expected.
migrated-ts/agi/com/hurlant/math/BigInteger.ts(1431,41): error TS1005: ',' expected.
migrated-ts/agi/com/hurlant/math/BigInteger.ts(1431,54): error TS1005: ';' expected.
migrated-ts/agi/com/hurlant/math/BigInteger.ts(1433,14): error TS1005: ',' expected.
migrated-ts/agi/com/hurlant/math/BigInteger.ts(1433,27): error TS1005: ',' expected.
migrated-ts/agi/com/hurlant/math/BigInteger.ts(1434,14): error TS1005: ',' expected.
migrated-ts/agi/com/hurlant/math/BigInteger.ts(1434,27): error TS1005: ',' expected.
migrated-ts/agi/com/hurlant/math/BigInteger.ts(1435,14): error TS1005: ',' expected.
migrated-ts/agi/com/hurlant/math/BigInteger.ts(1435,27): error TS1005: ',' expected.
migrated-ts/agi/com/hurlant/math/BigInteger.ts(1436,15): error TS1005: ',' expected.
migrated-ts/agi/com/hurlant/math/BigInteger.ts(1437,15): error TS1005: ',' expected.
migrated-ts/agi/com/hurlant/math/BigInteger.ts(1438,34): error TS1005: ',' expected.
migrated-ts/agi/com/hurlant/math/BigInteger.ts(1439,18): error TS1005: ',' expected.
migrated-ts/agi/com/hurlant/math/BigInteger.ts(1445,10): error TS1005: ',' expected.
migrated-ts/agi/com/hurlant/math/BigInteger.ts(1445,14): error TS1005: ',' expected.
migrated-ts/agi/com/hurlant/math/BigInteger.ts(1445,25): error TS1005: ',' expected.
migrated-ts/agi/com/hurlant/math/BigInteger.ts(1446,10): error TS1136: Property assignment expected.
migrated-ts/agi/com/hurlant/math/BigInteger.ts(1456,10): error TS1128: Declaration or statement expected.
migrated-ts/agi/com/hurlant/math/BigInteger.ts(1478,7): error TS1128: Declaration or statement expected.
migrated-ts/agi/com/hurlant/math/BigInteger.ts(1480,19): error TS1005: ';' expected.
migrated-ts/agi/com/hurlant/math/BigInteger.ts(1480,26): error TS1005: ';' expected.
migrated-ts/agi/com/hurlant/math/BigInteger.ts(1488,19): error TS1005: ';' expected.
migrated-ts/agi/com/hurlant/math/BigInteger.ts(1488,24): error TS1005: ',' expected.
migrated-ts/agi/com/hurlant/math/BigInteger.ts(1488,33): error TS1005: ';' expected.
migrated-ts/agi/com/hurlant/math/BigInteger.ts(1493,19): error TS1005: ';' expected.
migrated-ts/agi/com/hurlant/math/BigInteger.ts(1493,28): error TS1005: ',' expected.
migrated-ts/agi/com/hurlant/math/BigInteger.ts(1493,37): error TS1005: ';' expected.
migrated-ts/agi/com/hurlant/math/BigInteger.ts(1498,19): error TS1005: ';' expected.
migrated-ts/agi/com/hurlant/math/BigInteger.ts(1498,29): error TS1005: ',' expected.
migrated-ts/agi/com/hurlant/math/BigInteger.ts(1498,42): error TS1005: ';' expected.
migrated-ts/agi/com/hurlant/math/BigInteger.ts(1506,19): error TS1005: ';' expected.
migrated-ts/agi/com/hurlant/math/BigInteger.ts(1506,28): error TS1005: ',' expected.
migrated-ts/agi/com/hurlant/math/BigInteger.ts(1506,41): error TS1005: ';' expected.
migrated-ts/agi/com/hurlant/math/BigInteger.ts(1514,19): error TS1005: ';' expected.
migrated-ts/agi/com/hurlant/math/BigInteger.ts(1514,29): error TS1005: ',' expected.
migrated-ts/agi/com/hurlant/math/BigInteger.ts(1514,42): error TS1005: ';' expected.
migrated-ts/agi/com/hurlant/math/BigInteger.ts(1519,19): error TS1005: ';' expected.
migrated-ts/agi/com/hurlant/math/BigInteger.ts(1519,32): error TS1005: ',' expected.
migrated-ts/agi/com/hurlant/math/BigInteger.ts(1519,41): error TS1005: ';' expected.
migrated-ts/agi/com/hurlant/math/BigInteger.ts(1521,14): error TS1005: ':' expected.
migrated-ts/agi/com/hurlant/math/BigInteger.ts(1521,20): error TS1005: ',' expected.
migrated-ts/agi/com/hurlant/math/BigInteger.ts(1522,14): error TS1005: ':' expected.
migrated-ts/agi/com/hurlant/math/BigInteger.ts(1522,37): error TS1005: ',' expected.
migrated-ts/agi/com/hurlant/math/BigInteger.ts(1523,19): error TS1005: ',' expected.
migrated-ts/agi/com/hurlant/math/BigInteger.ts(1523,22): error TS1005: ';' expected.
migrated-ts/agi/com/hurlant/math/BigInteger.ts(1527,10): error TS1128: Declaration or statement expected.
migrated-ts/agi/com/hurlant/math/BigInteger.ts(1535,7): error TS1128: Declaration or statement expected.
migrated-ts/agi/com/hurlant/math/BigInteger.ts(1537,19): error TS1005: ';' expected.
migrated-ts/agi/com/hurlant/math/BigInteger.ts(1537,27): error TS1005: ';' expected.
migrated-ts/agi/com/hurlant/math/BigInteger.ts(1542,19): error TS1005: ';' expected.
migrated-ts/agi/com/hurlant/math/BigInteger.ts(1542,33): error TS1005: ',' expected.
migrated-ts/agi/com/hurlant/math/BigInteger.ts(1542,47): error TS1005: ';' expected.
migrated-ts/agi/com/hurlant/math/BigInteger.ts(1614,19): error TS1005: ';' expected.
migrated-ts/agi/com/hurlant/math/BigInteger.ts(1614,27): error TS1005: ',' expected.
migrated-ts/agi/com/hurlant/math/BigInteger.ts(1614,36): error TS1005: ';' expected.
migrated-ts/agi/com/hurlant/math/BigInteger.ts(1619,19): error TS1005: ';' expected.
migrated-ts/agi/com/hurlant/math/BigInteger.ts(1619,24): error TS1005: ';' expected.
migrated-ts/agi/com/hurlant/math/BigInteger.ts(1624,19): error TS1005: ';' expected.
migrated-ts/agi/com/hurlant/math/BigInteger.ts(1624,26): error TS1005: ',' expected.
migrated-ts/agi/com/hurlant/math/BigInteger.ts(1624,35): error TS1005: ';' expected.
migrated-ts/agi/com/hurlant/math/BigInteger.ts(1662,19): error TS1005: ';' expected.
migrated-ts/agi/com/hurlant/math/BigInteger.ts(1662,27): error TS1005: ';' expected.
migrated-ts/agi/com/hurlant/math/BigInteger.ts(1675,19): error TS1005: ';' expected.
migrated-ts/agi/com/hurlant/math/BigInteger.ts(1675,32): error TS1005: ';' expected.
migrated-ts/agi/com/hurlant/math/BigInteger.ts(1726,19): error TS1005: ';' expected.
migrated-ts/agi/com/hurlant/math/BigInteger.ts(1726,29): error TS1005: ',' expected.
migrated-ts/agi/com/hurlant/math/BigInteger.ts(1726,42): error TS1005: ';' expected.
migrated-ts/agi/com/hurlant/math/BigInteger.ts(1728,14): error TS1005: ',' expected.
migrated-ts/agi/com/hurlant/math/BigInteger.ts(1728,34): error TS1005: ',' expected.
migrated-ts/agi/com/hurlant/math/BigInteger.ts(1729,14): error TS1005: ',' expected.
migrated-ts/agi/com/hurlant/math/BigInteger.ts(1729,27): error TS1005: ',' expected.
migrated-ts/agi/com/hurlant/math/BigInteger.ts(1730,14): error TS1005: ',' expected.
migrated-ts/agi/com/hurlant/math/BigInteger.ts(1730,27): error TS1005: ',' expected.
migrated-ts/agi/com/hurlant/math/BigInteger.ts(1731,19): error TS1005: ',' expected.
migrated-ts/agi/com/hurlant/math/BigInteger.ts(1732,31): error TS1005: ',' expected.
migrated-ts/agi/com/hurlant/math/BigInteger.ts(1732,33): error TS1138: Parameter declaration expected.
migrated-ts/agi/com/hurlant/math/BigInteger.ts(1732,35): error TS1005: ';' expected.
migrated-ts/agi/com/hurlant/math/BigInteger.ts(1732,43): error TS1128: Declaration or statement expected.
migrated-ts/agi/com/hurlant/math/BigInteger.ts(1751,7): error TS1128: Declaration or statement expected.
migrated-ts/agi/com/hurlant/math/BigInteger.ts(1753,7): error TS1128: Declaration or statement expected.
migrated-ts/agi/com/hurlant/math/BigInteger.ts(1753,23): error TS1005: ',' expected.
migrated-ts/agi/com/hurlant/math/BigInteger.ts(1753,34): error TS1005: ',' expected.
migrated-ts/agi/com/hurlant/math/BigInteger.ts(1753,43): error TS1005: ';' expected.
migrated-ts/agi/com/hurlant/math/BigInteger.ts(1758,7): error TS1128: Declaration or statement expected.
migrated-ts/agi/com/hurlant/math/BigInteger.ts(1758,33): error TS1005: ',' expected.
migrated-ts/agi/com/hurlant/math/BigInteger.ts(1758,44): error TS1005: ',' expected.
migrated-ts/agi/com/hurlant/math/BigInteger.ts(1758,58): error TS1005: ';' expected.
migrated-ts/agi/com/hurlant/math/BigInteger.ts(1760,14): error TS1005: ',' expected.
migrated-ts/agi/com/hurlant/math/BigInteger.ts(1760,28): error TS1005: ',' expected.
migrated-ts/agi/com/hurlant/math/BigInteger.ts(1761,14): error TS1005: ',' expected.
migrated-ts/agi/com/hurlant/math/BigInteger.ts(1761,29): error TS1005: ',' expected.
migrated-ts/agi/com/hurlant/math/BigInteger.ts(1762,14): error TS1005: ',' expected.
migrated-ts/agi/com/hurlant/math/BigInteger.ts(1762,33): error TS1005: ',' expected.
migrated-ts/agi/com/hurlant/math/BigInteger.ts(1763,14): error TS1005: ',' expected.
migrated-ts/agi/com/hurlant/math/BigInteger.ts(1763,27): error TS1005: ',' expected.
migrated-ts/agi/com/hurlant/math/BigInteger.ts(1764,14): error TS1005: ',' expected.
migrated-ts/agi/com/hurlant/math/BigInteger.ts(1764,27): error TS1005: ',' expected.
migrated-ts/agi/com/hurlant/math/BigInteger.ts(1765,14): error TS1005: ',' expected.
migrated-ts/agi/com/hurlant/math/BigInteger.ts(1765,27): error TS1005: ',' expected.
migrated-ts/agi/com/hurlant/math/BigInteger.ts(1766,14): error TS1005: ',' expected.
migrated-ts/agi/com/hurlant/math/BigInteger.ts(1766,27): error TS1005: ',' expected.
migrated-ts/agi/com/hurlant/math/BigInteger.ts(1767,18): error TS1003: Identifier expected.
migrated-ts/agi/com/hurlant/math/BigInteger.ts(1768,10): error TS1005: ',' expected.
migrated-ts/agi/com/hurlant/math/BigInteger.ts(1768,27): error TS1005: ',' expected.
migrated-ts/agi/com/hurlant/math/BigInteger.ts(1769,28): error TS1005: ',' expected.
migrated-ts/agi/com/hurlant/math/BigInteger.ts(1770,20): error TS1005: ',' expected.
migrated-ts/agi/com/hurlant/math/BigInteger.ts(1771,15): error TS1005: ',' expected.
migrated-ts/agi/com/hurlant/math/BigInteger.ts(1772,15): error TS1005: ',' expected.
migrated-ts/agi/com/hurlant/math/BigInteger.ts(1773,19): error TS1005: ',' expected.
migrated-ts/agi/com/hurlant/math/BigInteger.ts(1773,23): error TS1005: ',' expected.
migrated-ts/agi/com/hurlant/math/BigInteger.ts(1773,29): error TS1005: ',' expected.
migrated-ts/agi/com/hurlant/math/BigInteger.ts(1773,38): error TS1005: ',' expected.
migrated-ts/agi/com/hurlant/math/BigInteger.ts(1773,41): error TS1005: ',' expected.
migrated-ts/agi/com/hurlant/math/BigInteger.ts(1773,43): error TS1005: ';' expected.
migrated-ts/agi/com/hurlant/math/BigInteger.ts(1804,7): error TS1128: Declaration or statement expected.
migrated-ts/agi/com/hurlant/math/BigInteger.ts(1806,19): error TS1005: ';' expected.
migrated-ts/agi/com/hurlant/math/BigInteger.ts(1806,30): error TS1005: ',' expected.
migrated-ts/agi/com/hurlant/math/BigInteger.ts(1806,41): error TS1005: ',' expected.
migrated-ts/agi/com/hurlant/math/BigInteger.ts(1806,54): error TS1005: ';' expected.
migrated-ts/agi/com/hurlant/math/BigInteger.ts(1808,14): error TS1005: ',' expected.
migrated-ts/agi/com/hurlant/math/BigInteger.ts(1808,27): error TS1005: ',' expected.
migrated-ts/agi/com/hurlant/math/BigInteger.ts(1809,28): error TS1005: ',' expected.
migrated-ts/agi/com/hurlant/math/BigInteger.ts(1809,32): error TS1005: ',' expected.
migrated-ts/agi/com/hurlant/math/BigInteger.ts(1809,41): error TS1005: ';' expected.
migrated-ts/agi/com/hurlant/math/BigInteger.ts(1819,7): error TS1128: Declaration or statement expected.
migrated-ts/agi/com/hurlant/math/BigInteger.ts(1821,7): error TS1128: Declaration or statement expected.
migrated-ts/agi/com/hurlant/math/BigInteger.ts(1821,23): error TS1005: ',' expected.
migrated-ts/agi/com/hurlant/math/BigInteger.ts(1821,34): error TS1005: ',' expected.
migrated-ts/agi/com/hurlant/math/BigInteger.ts(1821,43): error TS1005: ';' expected.
migrated-ts/agi/com/hurlant/math/BigInteger.ts(1825,4): error TS1128: Declaration or statement expected.
migrated-ts/agi/com/hurlant/math/ClassicReduction.ts(8,23): error TS1005: ',' expected.
migrated-ts/agi/com/hurlant/math/MontgomeryReduction.ts(13,23): error TS1005: ',' expected.
